0 info it worked if it ends with ok
1 verbose cli [ 'C:\\Program Files\\node-v7.1.0-win-x64\\node.exe',
1 verbose cli   'C:\\Program Files\\node-v7.1.0-win-x64\\node_modules\\npm\\bin\\npm-cli.js',
1 verbose cli   'start' ]
2 info using npm@3.10.9
3 info using node@v7.1.0
4 verbose run-script [ 'prestart', 'start', 'poststart' ]
5 info lifecycle main@0.0.0~prestart: main@0.0.0
6 silly lifecycle main@0.0.0~prestart: no script for prestart, continuing
7 info lifecycle main@0.0.0~start: main@0.0.0
8 verbose lifecycle main@0.0.0~start: unsafe-perm in lifecycle true
9 verbose lifecycle main@0.0.0~start: PATH: C:\Program Files\node-v7.1.0-win-x64\node_modules\npm\bin\node-gyp-bin;C:\joyride\Cab_Pooling\client\src\node_modules\.bin;C:\Users\tc\bin;C:\Program Files\Git\mingw64\bin;C:\Program Files\Git\usr\local\bin;C:\Program Files\Git\usr\bin;C:\Program Files\Git\usr\bin;C:\Program Files\Git\mingw64\bin;C:\Program Files\Git\usr\bin;C:\Users\tc\bin;C:\Oracle\product\11.2.0\client_32\bin;C:\WINDOWS\system32;C:\WINDOWS;C:\WINDOWS\System32\Wbem;C:\WINDOWS\System32\WindowsPowerShell\v1.0;C:\wkstnctl\Support;C:\Program Files (x86)\Enterprise Vault\EVClient;C:\Program Files\PolicyPak;C:\Program Files\Citrix\System32;C:\Program Files\Citrix\ICAService;C:\Program Files\Citrix\Virtual Desktop Agent;C:\WINDOWS\System32\WindowsPowerShell\v1.0;C:\WINDOWS\System32\WindowsPowerShell\v1.0;C:\Program Files (x86)\scala\bin;C:\Program Files\apache-maven-3.3.9\bin;C:\Program Files (x86)\PuTTY;C:\opt\tiaa-gradle\bin;C:\Program Files (x86)\WebEx\Productivity Tools;C:\Program Files\AppSense\Application Manager\Agent\Plugins\EcaRulesEngine;C:\Program Files\GIT;C:\Program Files\Git\cmd;C:\Program Files (x86)\IBM\FileNet\ContentEngine\bin;C:\Program Files (x86)\Brackets\command;C:\Program Files\Java\jdk1.8.0_65\bin;C:\Program Files\node-v7.1.0-win-x64;C:\Oracle\product\11.2.0\client_32\bin;C:\WINDOWS\system32;C:\WINDOWS;C:\WINDOWS\System32\Wbem;C:\WINDOWS\System32\WindowsPowerShell\v1.0;C:\wkstnctl\Support;C:\Program Files (x86)\Enterprise Vault\EVClient;C:\Program Files\PolicyPak;C:\Program Files\Citrix\System32;C:\Program Files\Citrix\ICAService;C:\Program Files\Citrix\Virtual Desktop Agent;C:\WINDOWS\System32\WindowsPowerShell\v1.0;C:\WINDOWS\System32\WindowsPowerShell\v1.0;C:\Program Files (x86)\scala\bin;C:\Program Files\apache-maven-3.3.9\bin;C:\Program Files (x86)\PuTTY;C:\opt\tiaa-gradle\bin;C:\Program Files (x86)\WebEx\Productivity Tools;C:\Program Files\AppSense\Application Manager\Agent\Plugins\EcaRulesEngine;C:\Program Files\GIT;C:\Program Files\Git\cmd;C:\Program Files (x86)\IBM\FileNet\ContentEngine\bin;C:\Program Files (x86)\Brackets\command;C:\Program Files (x86)\Microsoft VS Code\bin;C:\Program Files\Git\usr\bin\vendor_perl;C:\Program Files\Git\usr\bin\core_perl
10 verbose lifecycle main@0.0.0~start: CWD: C:\joyride\Cab_Pooling\client\src
11 silly lifecycle main@0.0.0~start: Args: [ '/d /s /c', 'ng serve' ]
12 silly lifecycle main@0.0.0~start: Returned: code: 1  signal: null
13 info lifecycle main@0.0.0~start: Failed to exec start script
14 verbose stack Error: main@0.0.0 start: `ng serve`
14 verbose stack Exit status 1
14 verbose stack     at EventEmitter.<anonymous> (C:\Program Files\node-v7.1.0-win-x64\node_modules\npm\lib\utils\lifecycle.js:255:16)
14 verbose stack     at emitTwo (events.js:106:13)
14 verbose stack     at EventEmitter.emit (events.js:191:7)
14 verbose stack     at ChildProcess.<anonymous> (C:\Program Files\node-v7.1.0-win-x64\node_modules\npm\lib\utils\spawn.js:40:14)
14 verbose stack     at emitTwo (events.js:106:13)
14 verbose stack     at ChildProcess.emit (events.js:191:7)
14 verbose stack     at maybeClose (internal/child_process.js:885:16)
14 verbose stack     at Process.ChildProcess._handle.onexit (internal/child_process.js:226:5)
15 verbose pkgid main@0.0.0
16 verbose cwd C:\joyride\Cab_Pooling\client\src\src
17 error Windows_NT 6.1.7601
18 error argv "C:\\Program Files\\node-v7.1.0-win-x64\\node.exe" "C:\\Program Files\\node-v7.1.0-win-x64\\node_modules\\npm\\bin\\npm-cli.js" "start"
19 error node v7.1.0
20 error npm  v3.10.9
21 error code ELIFECYCLE
22 error main@0.0.0 start: `ng serve`
22 error Exit status 1
23 error Failed at the main@0.0.0 start script 'ng serve'.
23 error Make sure you have the latest version of node.js and npm installed.
23 error If you do, this is most likely a problem with the main package,
23 error not with npm itself.
23 error Tell the author that this fails on your system:
23 error     ng serve
23 error You can get information on how to open an issue for this project with:
23 error     npm bugs main
23 error Or if that isn't available, you can get their info via:
23 error     npm owner ls main
23 error There is likely additional logging output above.
24 verbose exit [ 1, true ]
